TN:
SF:C:\Users\AngularJS\Desktop\SE_HTS\project\SE\src\polyfills.ts
FNF:0
FNH:0
LF:0
LH:0
BRF:0
BRH:0
end_of_record
TN:
SF:C:\Users\AngularJS\Desktop\SE_HTS\project\SE\src\test.ts
FNF:0
FNH:0
DA:13,1
DA:18,1
DA:20,1
LF:3
LH:3
BRF:0
BRH:0
end_of_record
TN:
SF:C:\Users\AngularJS\Desktop\SE_HTS\project\SE\src\app\app.component.ts
FN:3,(anonymous_0)
FNF:1
FNH:1
FNDA:2,(anonymous_0)
DA:8,1
DA:9,2
DA:10,2
LF:3
LH:3
BRF:0
BRH:0
end_of_record
TN:
SF:C:\Users\AngularJS\Desktop\SE_HTS\project\SE\src\app\body-observation.service.ts
FN:11,(anonymous_0)
FN:14,(anonymous_1)
FN:30,(anonymous_2)
FN:34,(anonymous_3)
FN:38,(anonymous_4)
FN:52,(anonymous_5)
FN:68,(anonymous_6)
FNF:7
FNH:7
FNDA:45,(anonymous_0)
FNDA:2,(anonymous_1)
FNDA:1,(anonymous_2)
FNDA:2,(anonymous_3)
FNDA:1,(anonymous_4)
FNDA:1,(anonymous_5)
FNDA:1,(anonymous_6)
DA:8,1
DA:11,45
DA:15,2
DA:16,2
DA:17,2
DA:18,1
DA:20,1
DA:23,2
DA:24,1
DA:26,2
DA:28,2
DA:31,1
DA:35,2
DA:39,1
DA:42,1
DA:45,1
DA:48,1
DA:49,1
DA:53,1
DA:57,1
DA:60,1
DA:63,1
DA:64,1
DA:69,1
DA:70,1
DA:71,1
LF:26
LH:26
BRDA:17,0,0,1
BRDA:17,0,1,1
BRDA:23,1,0,1
BRDA:23,1,1,1
BRF:4
BRH:4
end_of_record
TN:
SF:C:\Users\AngularJS\Desktop\SE_HTS\project\SE\src\app\account-manage\account-manage.component.ts
FN:22,(anonymous_0)
FN:27,(anonymous_1)
FN:31,(anonymous_2)
FN:45,(anonymous_3)
FN:48,(anonymous_4)
FN:57,(anonymous_5)
FN:59,(anonymous_6)
FNF:7
FNH:7
FNDA:6,(anonymous_0)
FNDA:1,(anonymous_1)
FNDA:3,(anonymous_2)
FNDA:1,(anonymous_3)
FNDA:1,(anonymous_4)
FNDA:1,(anonymous_5)
FNDA:7,(anonymous_6)
DA:11,1
DA:16,6
DA:17,6
DA:22,6
DA:23,6
DA:24,6
DA:28,1
DA:32,3
DA:35,3
DA:36,1
DA:39,2
DA:40,2
DA:41,2
DA:42,2
DA:43,2
DA:44,2
DA:45,2
DA:46,1
DA:47,1
DA:49,1
DA:50,1
DA:51,1
DA:52,1
DA:57,1
DA:60,7
LF:25
LH:25
BRDA:35,0,0,1
BRDA:35,0,1,2
BRDA:44,1,0,2
BRDA:44,1,1,0
BRF:4
BRH:3
end_of_record
TN:
SF:C:\Users\AngularJS\Desktop\SE_HTS\project\SE\src\app\body-observation\body-observation-detail.component.ts
FN:29,(anonymous_0)
FN:39,(anonymous_1)
FN:59,(anonymous_2)
FN:28,(anonymous_3)
FN:64,(anonymous_4)
FN:67,(anonymous_5)
FN:78,(anonymous_6)
FN:80,(anonymous_7)
FN:82,(anonymous_8)
FN:86,(anonymous_9)
FN:88,(anonymous_10)
FN:90,(anonymous_11)
FN:95,(anonymous_12)
FN:97,(anonymous_13)
FNF:14
FNH:14
FNDA:7,(anonymous_0)
FNDA:5,(anonymous_1)
FNDA:5,(anonymous_2)
FNDA:7,(anonymous_3)
FNDA:1,(anonymous_4)
FNDA:2,(anonymous_5)
FNDA:1,(anonymous_6)
FNDA:1,(anonymous_7)
FNDA:1,(anonymous_8)
FNDA:1,(anonymous_9)
FNDA:1,(anonymous_10)
FNDA:1,(anonymous_11)
FNDA:16,(anonymous_12)
FNDA:16,(anonymous_13)
DA:21,1
DA:27,7
DA:30,7
DA:31,7
DA:32,7
DA:33,7
DA:34,7
DA:35,2
DA:36,2
DA:38,5
DA:39,5
DA:40,5
DA:41,5
DA:42,5
DA:43,5
DA:44,5
DA:50,5
DA:51,5
DA:54,5
DA:55,5
DA:56,5
DA:60,5
DA:65,1
DA:68,2
DA:70,2
DA:72,2
DA:73,1
DA:75,2
DA:79,1
DA:80,1
DA:81,1
DA:83,1
DA:87,1
DA:88,1
DA:89,1
DA:91,1
DA:96,16
DA:97,16
DA:98,16
DA:99,11
DA:100,11
DA:103,16
LF:42
LH:42
BRDA:34,0,0,2
BRDA:34,0,1,5
BRDA:40,1,0,5
BRDA:40,1,1,0
BRDA:42,2,0,5
BRDA:42,2,1,0
BRDA:43,3,0,5
BRDA:43,3,1,0
BRDA:50,4,0,5
BRDA:50,4,1,0
BRDA:54,5,0,5
BRDA:54,5,1,0
BRDA:72,6,0,1
BRDA:72,6,1,1
BRDA:98,7,0,11
BRDA:98,7,1,5
BRF:16
BRH:11
end_of_record
TN:
SF:C:\Users\AngularJS\Desktop\SE_HTS\project\SE\src\app\body-observation\body-observation.component.ts
FN:52,(anonymous_0)
FN:46,(anonymous_1)
FN:47,(anonymous_2)
FN:56,(anonymous_3)
FN:64,(anonymous_4)
FN:67,(anonymous_5)
FN:74,(anonymous_6)
FN:75,(anonymous_7)
FN:84,(anonymous_8)
FN:88,(anonymous_9)
FN:93,(anonymous_10)
FN:96,(anonymous_11)
FN:105,(anonymous_12)
FN:125,(anonymous_13)
FN:147,(anonymous_14)
FN:148,(anonymous_15)
FN:165,(anonymous_16)
FN:171,(anonymous_17)
FN:172,(anonymous_18)
FN:173,(anonymous_19)
FN:183,(anonymous_20)
FN:192,(anonymous_21)
FN:197,(anonymous_22)
FN:200,(anonymous_23)
FN:206,(anonymous_24)
FN:215,(anonymous_25)
FN:220,(anonymous_26)
FN:236,(anonymous_27)
FNF:28
FNH:26
FNDA:8,(anonymous_0)
FNDA:1,(anonymous_1)
FNDA:1,(anonymous_2)
FNDA:7,(anonymous_3)
FNDA:7,(anonymous_4)
FNDA:14,(anonymous_5)
FNDA:7,(anonymous_6)
FNDA:35,(anonymous_7)
FNDA:8,(anonymous_8)
FNDA:1,(anonymous_9)
FNDA:1,(anonymous_10)
FNDA:2,(anonymous_11)
FNDA:18,(anonymous_12)
FNDA:90,(anonymous_13)
FNDA:2,(anonymous_14)
FNDA:2,(anonymous_15)
FNDA:3,(anonymous_16)
FNDA:1,(anonymous_17)
FNDA:1,(anonymous_18)
FNDA:2,(anonymous_19)
FNDA:1,(anonymous_20)
FNDA:0,(anonymous_21)
FNDA:1,(anonymous_22)
FNDA:1,(anonymous_23)
FNDA:1,(anonymous_24)
FNDA:0,(anonymous_25)
FNDA:1,(anonymous_26)
FNDA:5,(anonymous_27)
DA:22,1
DA:23,1
DA:24,8
DA:26,8
DA:27,8
DA:28,8
DA:29,8
DA:32,8
DA:33,8
DA:37,8
DA:43,8
DA:45,8
DA:47,1
DA:48,1
DA:52,8
DA:57,7
DA:58,7
DA:60,7
DA:64,7
DA:65,7
DA:66,7
DA:67,7
DA:68,14
DA:75,7
DA:76,35
DA:85,8
DA:89,1
DA:93,1
DA:94,1
DA:95,1
DA:96,1
DA:97,2
DA:100,1
DA:106,18
DA:107,18
DA:108,18
DA:109,18
DA:110,18
DA:112,18
DA:113,18
DA:116,18
DA:117,18
DA:118,18
DA:120,0
DA:123,18
DA:124,18
DA:125,18
DA:126,90
DA:127,18
DA:128,18
DA:133,18
DA:134,18
DA:136,18
DA:144,18
DA:148,2
DA:149,2
DA:150,1
DA:151,1
DA:152,1
DA:153,1
DA:154,1
DA:155,1
DA:157,1
DA:158,1
DA:159,1
DA:166,3
DA:167,3
DA:168,3
DA:172,1
DA:173,1
DA:174,2
DA:176,1
DA:177,1
DA:178,1
DA:179,1
DA:184,1
DA:192,1
DA:193,0
DA:198,1
DA:199,1
DA:201,1
DA:202,1
DA:207,1
DA:215,1
DA:216,0
DA:221,1
DA:223,1
DA:224,1
DA:225,1
DA:226,1
DA:227,0
DA:230,1
DA:231,1
DA:234,1
DA:235,1
DA:236,1
DA:237,5
DA:238,1
DA:239,1
DA:244,1
LF:100
LH:96
BRDA:57,0,0,7
BRDA:57,0,1,0
BRDA:66,1,0,7
BRDA:66,1,1,0
BRDA:95,2,0,1
BRDA:95,2,1,0
BRDA:112,3,0,18
BRDA:112,3,1,0
BRDA:116,4,0,18
BRDA:116,4,1,0
BRDA:117,5,0,18
BRDA:117,5,1,0
BRDA:123,6,0,18
BRDA:123,6,1,0
BRDA:126,7,0,18
BRDA:126,7,1,72
BRDA:133,8,0,18
BRDA:133,8,1,0
BRDA:149,9,0,1
BRDA:149,9,1,1
BRDA:149,10,0,2
BRDA:149,10,1,2
BRDA:198,11,0,0
BRDA:198,11,1,1
BRDA:221,12,0,0
BRDA:221,12,1,1
BRDA:223,13,0,1
BRDA:223,13,1,0
BRDA:224,14,0,1
BRDA:224,14,1,0
BRDA:226,15,0,0
BRDA:226,15,1,1
BRDA:230,16,0,1
BRDA:230,16,1,0
BRDA:234,17,0,1
BRDA:234,17,1,0
BRDA:237,18,0,1
BRDA:237,18,1,4
BRF:38
BRH:23
end_of_record
TN:
SF:C:\Users\AngularJS\Desktop\SE_HTS\project\SE\src\app\body-observation\observation-DTO.ts
FN:9,(anonymous_0)
FN:14,(anonymous_1)
FNF:2
FNH:2
FNDA:2,(anonymous_0)
FNDA:2,(anonymous_1)
DA:10,2
DA:11,2
DA:12,2
DA:15,2
DA:27,2
LF:5
LH:5
BRF:0
BRH:0
end_of_record
TN:
SF:C:\Users\AngularJS\Desktop\SE_HTS\project\SE\src\app\care-plan\care-plan-DTO.ts
FN:9,(anonymous_0)
FN:14,(anonymous_1)
FNF:2
FNH:2
FNDA:2,(anonymous_0)
FNDA:2,(anonymous_1)
DA:10,2
DA:11,2
DA:12,2
DA:15,2
DA:33,2
LF:5
LH:5
BRF:0
BRH:0
end_of_record
TN:
SF:C:\Users\AngularJS\Desktop\SE_HTS\project\SE\src\app\care-plan\care-plan-detail.component.ts
FN:29,(anonymous_0)
FN:38,(anonymous_1)
FN:52,(anonymous_2)
FN:57,(anonymous_3)
FN:63,(anonymous_4)
FN:67,(anonymous_5)
FN:77,(anonymous_6)
FN:79,(anonymous_7)
FN:81,(anonymous_8)
FN:85,(anonymous_9)
FN:87,(anonymous_10)
FN:89,(anonymous_11)
FN:94,(anonymous_12)
FNF:13
FNH:13
FNDA:6,(anonymous_0)
FNDA:5,(anonymous_1)
FNDA:4,(anonymous_2)
FNDA:4,(anonymous_3)
FNDA:1,(anonymous_4)
FNDA:2,(anonymous_5)
FNDA:1,(anonymous_6)
FNDA:1,(anonymous_7)
FNDA:1,(anonymous_8)
FNDA:1,(anonymous_9)
FNDA:1,(anonymous_10)
FNDA:1,(anonymous_11)
FNDA:8,(anonymous_12)
DA:21,1
DA:27,6
DA:30,6
DA:31,6
DA:32,6
DA:33,6
DA:34,6
DA:35,1
DA:37,5
DA:38,5
DA:39,5
DA:40,4
DA:41,4
DA:42,4
DA:43,4
DA:46,4
DA:47,4
DA:48,4
DA:50,4
DA:51,4
DA:52,4
DA:53,4
DA:54,4
DA:58,4
DA:64,1
DA:69,2
DA:71,2
DA:72,2
DA:74,2
DA:78,1
DA:79,1
DA:80,1
DA:82,1
DA:86,1
DA:87,1
DA:88,1
DA:90,1
LF:37
LH:37
BRDA:34,0,0,1
BRDA:34,0,1,5
BRDA:40,1,0,4
BRDA:40,1,1,0
BRDA:41,2,0,4
BRDA:41,2,1,0
BRDA:42,3,0,4
BRDA:42,3,1,0
BRDA:46,4,0,4
BRDA:46,4,1,0
BRDA:47,5,0,4
BRDA:47,5,1,0
BRDA:50,6,0,4
BRDA:50,6,1,0
BRDA:53,7,0,4
BRDA:53,7,1,0
BRDA:71,8,0,2
BRDA:71,8,1,0
BRF:18
BRH:10
end_of_record
TN:
SF:C:\Users\AngularJS\Desktop\SE_HTS\project\SE\src\app\care-plan\care-plan.component.ts
FN:36,(anonymous_0)
FN:39,(anonymous_1)
FN:40,(anonymous_2)
FN:45,(anonymous_3)
FN:49,(anonymous_4)
FN:52,(anonymous_5)
FN:59,(anonymous_6)
FN:60,(anonymous_7)
FN:69,(anonymous_8)
FN:92,(anonymous_9)
FN:107,(anonymous_10)
FN:111,(anonymous_11)
FN:112,(anonymous_12)
FN:129,(anonymous_13)
FN:135,(anonymous_14)
FN:144,(anonymous_15)
FN:149,(anonymous_16)
FN:152,(anonymous_17)
FN:158,(anonymous_18)
FN:167,(anonymous_19)
FN:175,(anonymous_20)
FN:176,(anonymous_21)
FN:177,(anonymous_22)
FN:187,(anonymous_23)
FN:200,(anonymous_24)
FNF:25
FNH:20
FNDA:4,(anonymous_0)
FNDA:4,(anonymous_1)
FNDA:4,(anonymous_2)
FNDA:4,(anonymous_3)
FNDA:4,(anonymous_4)
FNDA:12,(anonymous_5)
FNDA:4,(anonymous_6)
FNDA:20,(anonymous_7)
FNDA:13,(anonymous_8)
FNDA:65,(anonymous_9)
FNDA:9,(anonymous_10)
FNDA:1,(anonymous_11)
FNDA:1,(anonymous_12)
FNDA:1,(anonymous_13)
FNDA:1,(anonymous_14)
FNDA:0,(anonymous_15)
FNDA:1,(anonymous_16)
FNDA:1,(anonymous_17)
FNDA:1,(anonymous_18)
FNDA:0,(anonymous_19)
FNDA:0,(anonymous_20)
FNDA:0,(anonymous_21)
FNDA:0,(anonymous_22)
FNDA:1,(anonymous_23)
FNDA:5,(anonymous_24)
DA:21,1
DA:22,1
DA:23,4
DA:25,4
DA:26,4
DA:27,4
DA:28,4
DA:31,4
DA:33,4
DA:35,4
DA:36,4
DA:37,4
DA:40,4
DA:41,4
DA:46,4
DA:47,4
DA:49,4
DA:50,4
DA:51,4
DA:52,4
DA:53,12
DA:60,4
DA:61,20
DA:70,13
DA:71,13
DA:72,13
DA:73,13
DA:75,13
DA:76,13
DA:79,13
DA:80,13
DA:81,13
DA:82,13
DA:84,0
DA:86,13
DA:87,13
DA:88,13
DA:90,13
DA:91,13
DA:92,13
DA:93,65
DA:94,13
DA:97,13
DA:104,13
DA:108,9
DA:112,1
DA:113,1
DA:114,0
DA:115,0
DA:116,0
DA:117,0
DA:118,0
DA:119,0
DA:121,1
DA:122,1
DA:123,1
DA:130,1
DA:131,1
DA:132,1
DA:136,1
DA:144,1
DA:145,0
DA:150,1
DA:151,1
DA:153,1
DA:154,1
DA:159,1
DA:167,1
DA:168,0
DA:170,0
DA:171,0
DA:176,0
DA:177,0
DA:178,0
DA:180,0
DA:181,0
DA:182,0
DA:183,0
DA:188,1
DA:189,1
DA:190,1
DA:191,1
DA:194,1
DA:195,1
DA:196,1
DA:198,1
DA:199,1
DA:200,1
DA:201,5
DA:202,1
LF:90
LH:72
BRDA:46,0,0,4
BRDA:46,0,1,0
BRDA:51,1,0,4
BRDA:51,1,1,0
BRDA:75,2,0,13
BRDA:75,2,1,0
BRDA:79,3,0,13
BRDA:79,3,1,0
BRDA:80,4,0,13
BRDA:80,4,1,0
BRDA:81,5,0,13
BRDA:81,5,1,0
BRDA:86,6,0,13
BRDA:86,6,1,0
BRDA:87,7,0,13
BRDA:87,7,1,0
BRDA:90,8,0,13
BRDA:90,8,1,0
BRDA:93,9,0,13
BRDA:93,9,1,52
BRDA:113,10,0,0
BRDA:113,10,1,1
BRDA:113,11,0,1
BRDA:113,11,1,0
BRDA:150,12,0,0
BRDA:150,12,1,1
BRDA:168,13,0,0
BRDA:168,13,1,0
BRDA:188,14,0,1
BRDA:188,14,1,0
BRDA:189,15,0,1
BRDA:189,15,1,0
BRDA:190,16,0,1
BRDA:190,16,1,0
BRDA:194,17,0,1
BRDA:194,17,1,0
BRDA:195,18,0,1
BRDA:195,18,1,0
BRDA:198,19,0,1
BRDA:198,19,1,0
BRDA:201,20,0,1
BRDA:201,20,1,4
BRF:42
BRH:22
end_of_record
TN:
SF:C:\Users\AngularJS\Desktop\SE_HTS\project\SE\src\app\care-plan\care-plan.service.ts
FN:11,(anonymous_0)
FN:14,(anonymous_1)
FN:25,(anonymous_2)
FN:29,(anonymous_3)
FN:33,(anonymous_4)
FN:47,(anonymous_5)
FNF:6
FNH:6
FNDA:23,(anonymous_0)
FNDA:1,(anonymous_1)
FNDA:1,(anonymous_2)
FNDA:2,(anonymous_3)
FNDA:1,(anonymous_4)
FNDA:1,(anonymous_5)
DA:8,1
DA:11,23
DA:15,1
DA:16,1
DA:21,1
DA:23,1
DA:26,1
DA:30,2
DA:34,1
DA:37,1
DA:40,1
DA:43,1
DA:44,1
DA:48,1
DA:52,1
DA:55,1
DA:58,1
DA:59,1
LF:18
LH:18
BRF:0
BRH:0
end_of_record
TN:
SF:C:\Users\AngularJS\Desktop\SE_HTS\project\SE\src\app\home\home.component.ts
FN:16,(anonymous_0)
FN:18,(anonymous_1)
FN:20,(anonymous_2)
FN:23,(anonymous_3)
FN:26,(anonymous_4)
FNF:5
FNH:5
FNDA:5,(anonymous_0)
FNDA:5,(anonymous_1)
FNDA:5,(anonymous_2)
FNDA:6,(anonymous_3)
FNDA:1,(anonymous_4)
DA:11,1
DA:13,5
DA:14,5
DA:16,5
DA:17,5
DA:18,5
DA:19,5
DA:27,1
DA:28,1
LF:9
LH:9
BRF:0
BRH:0
end_of_record
TN:
SF:C:\Users\AngularJS\Desktop\SE_HTS\project\SE\src\app\line-chart\line-chart.component.ts
FN:40,(anonymous_0)
FN:41,(anonymous_1)
FN:45,(anonymous_2)
FN:50,(anonymous_3)
FN:54,(anonymous_4)
FN:58,(anonymous_5)
FN:62,(anonymous_6)
FN:63,(anonymous_7)
FN:75,(anonymous_8)
FN:82,(anonymous_9)
FN:84,(anonymous_10)
FN:89,(anonymous_11)
FN:90,(anonymous_12)
FN:106,(anonymous_13)
FN:122,(anonymous_14)
FN:123,(anonymous_15)
FN:128,(anonymous_16)
FN:133,(anonymous_17)
FN:137,(anonymous_18)
FNF:19
FNH:19
FNDA:8,(anonymous_0)
FNDA:8,(anonymous_1)
FNDA:8,(anonymous_2)
FNDA:1,(anonymous_3)
FNDA:1,(anonymous_4)
FNDA:1,(anonymous_5)
FNDA:8,(anonymous_6)
FNDA:24,(anonymous_7)
FNDA:1,(anonymous_8)
FNDA:1,(anonymous_9)
FNDA:1,(anonymous_10)
FNDA:1,(anonymous_11)
FNDA:4,(anonymous_12)
FNDA:1,(anonymous_13)
FNDA:2,(anonymous_14)
FNDA:2,(anonymous_15)
FNDA:2,(anonymous_16)
FNDA:16,(anonymous_17)
FNDA:17,(anonymous_18)
DA:12,1
DA:14,8
DA:16,8
DA:17,8
DA:18,8
DA:19,8
DA:20,8
DA:22,8
DA:23,8
DA:24,8
DA:25,8
DA:26,8
DA:27,8
DA:28,8
DA:29,8
DA:30,8
DA:31,8
DA:32,8
DA:36,8
DA:40,8
DA:41,8
DA:42,8
DA:43,8
DA:46,8
DA:51,1
DA:55,1
DA:59,1
DA:63,8
DA:64,24
DA:65,24
DA:66,24
DA:76,1
DA:77,1
DA:78,1
DA:82,1
DA:83,1
DA:85,1
DA:90,1
DA:91,4
DA:92,1
DA:93,1
DA:96,1
DA:97,1
DA:98,1
DA:102,1
DA:106,1
DA:107,1
DA:111,1
DA:116,1
DA:117,1
DA:119,1
DA:123,2
DA:124,2
DA:125,1
DA:126,1
DA:129,2
DA:134,16
DA:138,17
DA:139,1
DA:141,16
LF:60
LH:60
BRDA:42,0,0,8
BRDA:42,0,1,0
BRDA:65,1,0,24
BRDA:65,1,1,0
BRDA:91,2,0,1
BRDA:91,2,1,3
BRDA:96,3,0,1
BRDA:96,3,1,0
BRDA:124,4,0,1
BRDA:124,4,1,1
BRDA:138,5,0,1
BRDA:138,5,1,16
BRDA:138,6,0,17
BRDA:138,6,1,1
BRDA:138,6,2,1
BRF:15
BRH:12
end_of_record
TN:
SF:C:\Users\AngularJS\Desktop\SE_HTS\project\SE\src\app\log-in\auth.service.ts
FN:11,(anonymous_0)
FN:13,(anonymous_1)
FN:22,(anonymous_2)
FN:35,(anonymous_3)
FN:41,(anonymous_4)
FN:58,(anonymous_5)
FN:63,(anonymous_6)
FN:68,(anonymous_7)
FN:83,(anonymous_8)
FN:92,(anonymous_9)
FN:97,(anonymous_10)
FN:112,(anonymous_11)
FN:116,(anonymous_12)
FNF:13
FNH:12
FNDA:92,(anonymous_0)
FNDA:2,(anonymous_1)
FNDA:1,(anonymous_2)
FNDA:1,(anonymous_3)
FNDA:1,(anonymous_4)
FNDA:3,(anonymous_5)
FNDA:1,(anonymous_6)
FNDA:1,(anonymous_7)
FNDA:1,(anonymous_8)
FNDA:0,(anonymous_9)
FNDA:1,(anonymous_10)
FNDA:6,(anonymous_11)
FNDA:1,(anonymous_12)
DA:9,1
DA:11,92
DA:14,2
DA:15,2
DA:16,1
DA:18,1
DA:23,1
DA:26,1
DA:30,1
DA:34,1
DA:36,1
DA:37,1
DA:42,1
DA:45,1
DA:49,1
DA:54,1
DA:59,3
DA:60,3
DA:64,1
DA:65,1
DA:69,1
DA:72,1
DA:75,1
DA:79,1
DA:84,1
DA:85,1
DA:88,1
DA:91,1
DA:93,0
DA:98,1
DA:99,1
DA:103,1
DA:107,1
DA:113,6
DA:117,1
DA:120,1
DA:123,1
DA:128,1
LF:38
LH:37
BRDA:15,0,0,1
BRDA:15,0,1,1
BRF:2
BRH:2
end_of_record
TN:
SF:C:\Users\AngularJS\Desktop\SE_HTS\project\SE\src\app\log-in\log-in.component.ts
FN:15,(anonymous_0)
FN:19,(anonymous_1)
FN:23,(anonymous_2)
FN:27,(anonymous_3)
FN:31,(anonymous_4)
FN:33,(anonymous_5)
FNF:6
FNH:6
FNDA:6,(anonymous_0)
FNDA:1,(anonymous_1)
FNDA:1,(anonymous_2)
FNDA:3,(anonymous_3)
FNDA:1,(anonymous_4)
FNDA:1,(anonymous_5)
DA:11,1
DA:13,6
DA:15,6
DA:16,6
DA:20,1
DA:24,1
DA:28,3
DA:29,2
DA:30,2
DA:31,2
DA:32,1
DA:33,1
DA:35,1
LF:13
LH:13
BRDA:28,0,0,2
BRDA:28,0,1,1
BRDA:28,1,0,3
BRDA:28,1,1,3
BRF:4
BRH:4
end_of_record
TN:
SF:C:\Users\AngularJS\Desktop\SE_HTS\project\SE\src\app\notification\notification.component.ts
FN:17,(anonymous_0)
FN:19,(anonymous_1)
FN:20,(anonymous_2)
FN:25,(anonymous_3)
FN:30,(anonymous_4)
FN:35,(anonymous_5)
FN:36,(anonymous_6)
FN:45,(anonymous_7)
FN:47,(anonymous_8)
FN:60,(anonymous_9)
FN:68,(anonymous_10)
FN:75,(anonymous_11)
FN:87,(anonymous_12)
FNF:13
FNH:13
FNDA:2,(anonymous_0)
FNDA:2,(anonymous_1)
FNDA:2,(anonymous_2)
FNDA:2,(anonymous_3)
FNDA:2,(anonymous_4)
FNDA:2,(anonymous_5)
FNDA:10,(anonymous_6)
FNDA:2,(anonymous_7)
FNDA:6,(anonymous_8)
FNDA:30,(anonymous_9)
FNDA:6,(anonymous_10)
FNDA:7,(anonymous_11)
FNDA:10,(anonymous_12)
DA:12,1
DA:14,2
DA:15,2
DA:17,2
DA:20,2
DA:21,2
DA:26,2
DA:27,2
DA:30,2
DA:31,2
DA:36,2
DA:37,10
DA:46,2
DA:47,2
DA:48,6
DA:49,0
DA:51,6
DA:52,6
DA:53,6
DA:55,6
DA:60,6
DA:61,30
DA:62,6
DA:63,6
DA:67,6
DA:69,6
DA:76,7
DA:77,1
DA:80,6
DA:81,0
DA:88,10
LF:31
LH:29
BRDA:26,0,0,2
BRDA:26,0,1,0
BRDA:46,1,0,2
BRDA:46,1,1,0
BRDA:48,2,0,0
BRDA:48,2,1,6
BRDA:61,3,0,6
BRDA:61,3,1,24
BRDA:76,4,0,1
BRDA:76,4,1,6
BRDA:80,5,0,0
BRDA:80,5,1,6
BRDA:80,6,0,6
BRDA:80,6,1,0
BRF:14
BRH:9
end_of_record
TN:
SF:C:\Users\AngularJS\Desktop\SE_HTS\project\SE\src\app\observation-item\observation-item-DTO.ts
FN:8,(anonymous_0)
FN:12,(anonymous_1)
FNF:2
FNH:2
FNDA:2,(anonymous_0)
FNDA:2,(anonymous_1)
DA:9,2
DA:10,2
DA:13,2
DA:27,2
LF:4
LH:4
BRF:0
BRH:0
end_of_record
TN:
SF:C:\Users\AngularJS\Desktop\SE_HTS\project\SE\src\app\observation-item\observation-item-detail.component.ts
FN:21,(anonymous_0)
FN:29,(anonymous_1)
FN:40,(anonymous_2)
FN:46,(anonymous_3)
FN:54,(anonymous_4)
FN:58,(anonymous_5)
FN:60,(anonymous_6)
FN:62,(anonymous_7)
FN:67,(anonymous_8)
FN:69,(anonymous_9)
FN:71,(anonymous_10)
FN:76,(anonymous_11)
FNF:12
FNH:12
FNDA:6,(anonymous_0)
FNDA:5,(anonymous_1)
FNDA:4,(anonymous_2)
FNDA:2,(anonymous_3)
FNDA:1,(anonymous_4)
FNDA:1,(anonymous_5)
FNDA:1,(anonymous_6)
FNDA:1,(anonymous_7)
FNDA:1,(anonymous_8)
FNDA:1,(anonymous_9)
FNDA:1,(anonymous_10)
FNDA:4,(anonymous_11)
DA:16,1
DA:22,6
DA:23,6
DA:24,6
DA:25,6
DA:26,1
DA:28,5
DA:29,5
DA:30,5
DA:31,4
DA:32,4
DA:33,4
DA:34,4
DA:36,4
DA:37,4
DA:41,4
DA:47,2
DA:48,2
DA:49,2
DA:51,2
DA:55,1
DA:59,1
DA:60,1
DA:61,1
DA:63,1
DA:68,1
DA:69,1
DA:70,1
DA:72,1
LF:29
LH:29
BRDA:25,0,0,1
BRDA:25,0,1,5
BRDA:30,1,0,4
BRDA:30,1,1,1
BRDA:32,2,0,4
BRDA:32,2,1,0
BRDA:33,3,0,4
BRDA:33,3,1,0
BRDA:36,4,0,4
BRDA:36,4,1,0
BRDA:48,5,0,2
BRDA:48,5,1,0
BRF:12
BRH:8
end_of_record
TN:
SF:C:\Users\AngularJS\Desktop\SE_HTS\project\SE\src\app\observation-item\observation-item.component.ts
FN:32,(anonymous_0)
FN:33,(anonymous_1)
FN:36,(anonymous_2)
FN:43,(anonymous_3)
FN:47,(anonymous_4)
FN:74,(anonymous_5)
FN:75,(anonymous_6)
FN:92,(anonymous_7)
FN:96,(anonymous_8)
FN:101,(anonymous_9)
FN:106,(anonymous_10)
FN:109,(anonymous_11)
FN:115,(anonymous_12)
FN:121,(anonymous_13)
FN:127,(anonymous_14)
FN:137,(anonymous_15)
FNF:16
FNH:14
FNDA:4,(anonymous_0)
FNDA:4,(anonymous_1)
FNDA:20,(anonymous_2)
FNDA:5,(anonymous_3)
FNDA:21,(anonymous_4)
FNDA:1,(anonymous_5)
FNDA:1,(anonymous_6)
FNDA:1,(anonymous_7)
FNDA:1,(anonymous_8)
FNDA:0,(anonymous_9)
FNDA:1,(anonymous_10)
FNDA:1,(anonymous_11)
FNDA:1,(anonymous_12)
FNDA:0,(anonymous_13)
FNDA:1,(anonymous_14)
FNDA:4,(anonymous_15)
DA:20,1
DA:21,1
DA:22,4
DA:24,4
DA:25,4
DA:29,4
DA:30,4
DA:32,4
DA:33,4
DA:34,4
DA:35,4
DA:36,4
DA:37,20
DA:44,5
DA:48,21
DA:49,21
DA:50,21
DA:52,21
DA:53,21
DA:55,21
DA:58,21
DA:61,21
DA:62,21
DA:63,21
DA:66,21
DA:71,21
DA:75,1
DA:76,1
DA:77,0
DA:78,0
DA:79,0
DA:80,0
DA:81,0
DA:82,0
DA:84,1
DA:85,1
DA:86,1
DA:93,1
DA:97,1
DA:101,1
DA:102,0
DA:107,1
DA:108,1
DA:110,1
DA:111,1
DA:116,1
DA:121,1
DA:122,0
DA:123,0
DA:128,1
DA:129,1
DA:130,1
DA:132,1
DA:133,1
LF:54
LH:45
BRDA:35,0,0,4
BRDA:35,0,1,0
BRDA:52,1,0,21
BRDA:52,1,1,0
BRDA:55,2,0,21
BRDA:55,2,1,0
BRDA:55,3,0,21
BRDA:55,3,1,21
BRDA:61,4,0,21
BRDA:61,4,1,0
BRDA:62,5,0,21
BRDA:62,5,1,0
BRDA:76,6,0,0
BRDA:76,6,1,1
BRDA:76,7,0,1
BRDA:76,7,1,0
BRDA:107,8,0,0
BRDA:107,8,1,1
BRDA:128,9,0,0
BRDA:128,9,1,1
BRDA:129,10,0,1
BRDA:129,10,1,0
BRDA:129,11,0,1
BRDA:129,11,1,1
BRDA:132,12,0,1
BRDA:132,12,1,0
BRDA:132,13,0,1
BRDA:132,13,1,1
BRF:28
BRH:17
end_of_record
TN:
SF:C:\Users\AngularJS\Desktop\SE_HTS\project\SE\src\app\sign-up\sign-up.component.ts
FN:19,(anonymous_0)
FN:23,(anonymous_1)
FN:27,(anonymous_2)
FN:39,(anonymous_3)
FN:41,(anonymous_4)
FN:48,(anonymous_5)
FN:49,(anonymous_6)
FNF:7
FNH:7
FNDA:6,(anonymous_0)
FNDA:1,(anonymous_1)
FNDA:3,(anonymous_2)
FNDA:1,(anonymous_3)
FNDA:1,(anonymous_4)
FNDA:1,(anonymous_5)
FNDA:12,(anonymous_6)
DA:12,1
DA:14,6
DA:16,6
DA:17,6
DA:19,6
DA:20,6
DA:24,1
DA:28,3
DA:31,3
DA:32,1
DA:35,2
DA:36,2
DA:37,2
DA:38,2
DA:39,2
DA:40,1
DA:42,1
DA:43,1
DA:44,1
DA:48,1
DA:50,12
LF:21
LH:21
BRDA:31,0,0,1
BRDA:31,0,1,2
BRF:2
BRH:2
end_of_record
TN:
SF:C:\Users\AngularJS\Desktop\SE_HTS\project\SE\src\app\user-info\user-info.component.ts
FN:33,(anonymous_0)
FN:34,(anonymous_1)
FN:39,(anonymous_2)
FN:42,(anonymous_3)
FN:47,(anonymous_4)
FN:52,(anonymous_5)
FN:56,(anonymous_6)
FN:57,(anonymous_7)
FN:60,(anonymous_8)
FN:86,(anonymous_9)
FN:89,(anonymous_10)
FN:90,(anonymous_11)
FN:92,(anonymous_12)
FNF:13
FNH:13
FNDA:5,(anonymous_0)
FNDA:5,(anonymous_1)
FNDA:5,(anonymous_2)
FNDA:1,(anonymous_3)
FNDA:1,(anonymous_4)
FNDA:1,(anonymous_5)
FNDA:1,(anonymous_6)
FNDA:1,(anonymous_7)
FNDA:1,(anonymous_8)
FNDA:10,(anonymous_9)
FNDA:1,(anonymous_10)
FNDA:1,(anonymous_11)
FNDA:1,(anonymous_12)
DA:11,1
DA:16,5
DA:18,5
DA:25,5
DA:31,5
DA:33,5
DA:34,5
DA:35,5
DA:36,5
DA:37,5
DA:38,5
DA:43,1
DA:44,1
DA:48,1
DA:49,1
DA:53,1
DA:55,1
DA:56,1
DA:64,1
DA:83,1
DA:90,1
DA:91,1
DA:93,1
LF:23
LH:23
BRF:0
BRH:0
end_of_record
